<?xml version="1.0" encoding="UTF-8"?>
<!-- Generated by org.testng.reporters.JUnitXMLReporter -->
<testsuite hostname="terris-air.lan" ignored="0" name="ElectionSuite" tests="9" failures="0" timestamp="2020-04-05T20:38:05 EDT" time="35.439" errors="0">
  <testcase name="validateUiElectionTitle" time="22.555" classname="org.terrimitchell.election_test.suites.ElectionUi"/>
  <testcase name="failedApiElectionQuery1" time="3.95" classname="org.terrimitchell.election_test.suites.ElectionApi"/>
  <testcase name="failedApiElectionQuery2" time="1.392" classname="org.terrimitchell.election_test.suites.ElectionApi"/>
  <testcase name="failedApiElectionQuery3" time="0.23" classname="org.terrimitchell.election_test.suites.ElectionApi"/>
  <testcase name="failedApiElectionQuery4" time="0.977" classname="org.terrimitchell.election_test.suites.ElectionApi"/>
  <testcase name="failedApiElectionQuery5" time="0.267" classname="org.terrimitchell.election_test.suites.ElectionApi"/>
  <testcase name="failedApiElectionQuery6" time="0.215" classname="org.terrimitchell.election_test.suites.ElectionApi"/>
  <testcase name="failedApiElectionQuery7" time="0.578" classname="org.terrimitchell.election_test.suites.ElectionApi"/>
  <testcase name="validApiElectionQuery1" time="0.224" classname="org.terrimitchell.election_test.suites.ElectionApi"/>
</testsuite> <!-- ElectionSuite -->
